C:\COCOS2D-X\DEBUG.WIN32\SPACEVIKING.WIN32.EXE
C:\COCOS2D-X\DEBUG.WIN32\SPACEVIKING.WIN32.ILK
C:\COCOS2D-X\DEBUG.WIN32\SPACEVIKING.WIN32.PDB
C:\COCOS2D-X\SPACEVIKING\DEBUG.WIN32\APPDELEGATE.OBJ
C:\COCOS2D-X\SPACEVIKING\DEBUG.WIN32\BACKGROUNDLAYER.OBJ
C:\cocos2d-x\SpaceViking\Debug.win32\cl.command.1.tlog
C:\cocos2d-x\SpaceViking\Debug.win32\CL.read.1.tlog
C:\cocos2d-x\SpaceViking\Debug.win32\CL.write.1.tlog
C:\COCOS2D-X\SPACEVIKING\DEBUG.WIN32\ENEMYROBOT.OBJ
C:\COCOS2D-X\SPACEVIKING\DEBUG.WIN32\EPGESTURERECOGNIZERLAYER.OBJ
C:\COCOS2D-X\SPACEVIKING\DEBUG.WIN32\EPNOTIFICATIONCENTER.OBJ
C:\COCOS2D-X\SPACEVIKING\DEBUG.WIN32\EPRESOURCEMANAGER.OBJ
C:\COCOS2D-X\SPACEVIKING\DEBUG.WIN32\EPSCROLLLISTLAYER.OBJ
C:\COCOS2D-X\SPACEVIKING\DEBUG.WIN32\EPSPRITEBUTTON.OBJ
C:\COCOS2D-X\SPACEVIKING\DEBUG.WIN32\GAMECHARACTER.OBJ
C:\COCOS2D-X\SPACEVIKING\DEBUG.WIN32\GAMECONTROLLAYER.OBJ
C:\COCOS2D-X\SPACEVIKING\DEBUG.WIN32\GAMEMANAGER.OBJ
C:\COCOS2D-X\SPACEVIKING\DEBUG.WIN32\GAMEOBJECT.OBJ
C:\COCOS2D-X\SPACEVIKING\DEBUG.WIN32\GAMEPLAYLAYER.OBJ
C:\COCOS2D-X\SPACEVIKING\DEBUG.WIN32\GAMEPLAYSCROLLINGLAYER.OBJ
C:\COCOS2D-X\SPACEVIKING\DEBUG.WIN32\GAMESCENE.OBJ
C:\COCOS2D-X\SPACEVIKING\DEBUG.WIN32\GAMESCENE2.OBJ
C:\COCOS2D-X\SPACEVIKING\DEBUG.WIN32\GESTURERECOGNIZER.OBJ
C:\COCOS2D-X\SPACEVIKING\DEBUG.WIN32\HEALTH.OBJ
C:\COCOS2D-X\SPACEVIKING\DEBUG.WIN32\INTROLAYER.OBJ
C:\COCOS2D-X\SPACEVIKING\DEBUG.WIN32\INTROSCENE.OBJ
C:\COCOS2D-X\SPACEVIKING\DEBUG.WIN32\LEVELCOMPLETELAYER.OBJ
C:\COCOS2D-X\SPACEVIKING\DEBUG.WIN32\LEVELCOMPLETESCENE.OBJ
C:\cocos2d-x\SpaceViking\Debug.win32\link.4084.read.1.tlog
C:\cocos2d-x\SpaceViking\Debug.win32\link.4084.write.1.tlog
C:\cocos2d-x\SpaceViking\Debug.win32\link.4084-cvtres.read.1.tlog
C:\cocos2d-x\SpaceViking\Debug.win32\link.4084-cvtres.write.1.tlog
C:\cocos2d-x\SpaceViking\Debug.win32\link.command.1.tlog
C:\cocos2d-x\SpaceViking\Debug.win32\link.read.1.tlog
C:\cocos2d-x\SpaceViking\Debug.win32\link.write.1.tlog
C:\cocos2d-x\SpaceViking\Debug.win32\link-cvtres.read.1.tlog
C:\cocos2d-x\SpaceViking\Debug.win32\link-cvtres.write.1.tlog
C:\COCOS2D-X\SPACEVIKING\DEBUG.WIN32\LONGPRESSGESTURERECOGNIZER.OBJ
C:\COCOS2D-X\SPACEVIKING\DEBUG.WIN32\MAIN.OBJ
C:\COCOS2D-X\SPACEVIKING\DEBUG.WIN32\MAINMENULAYER.OBJ
C:\COCOS2D-X\SPACEVIKING\DEBUG.WIN32\MAINMENUSCENE.OBJ
C:\COCOS2D-X\SPACEVIKING\DEBUG.WIN32\MALLET.OBJ
C:\cocos2d-x\SpaceViking\Debug.win32\mt.command.1.tlog
C:\cocos2d-x\SpaceViking\Debug.win32\mt.read.1.tlog
C:\cocos2d-x\SpaceViking\Debug.win32\mt.write.1.tlog
C:\COCOS2D-X\SPACEVIKING\DEBUG.WIN32\OPTIONSLAYER.OBJ
C:\COCOS2D-X\SPACEVIKING\DEBUG.WIN32\OPTIONSSCENE.OBJ
C:\COCOS2D-X\SPACEVIKING\DEBUG.WIN32\PANGESTURERECOGNIZER.OBJ
C:\COCOS2D-X\SPACEVIKING\DEBUG.WIN32\PHASERBULLET.OBJ
C:\COCOS2D-X\SPACEVIKING\DEBUG.WIN32\PINCHGESTURERECOGNIZER.OBJ
C:\COCOS2D-X\SPACEVIKING\DEBUG.WIN32\PLATFORMSCENE.OBJ
C:\COCOS2D-X\SPACEVIKING\DEBUG.WIN32\PLATFORMSCROLLINGLAYER.OBJ
C:\COCOS2D-X\SPACEVIKING\DEBUG.WIN32\RADARDISH.OBJ
C:\cocos2d-x\SpaceViking\Debug.win32\rc.command.1.tlog
C:\cocos2d-x\SpaceViking\Debug.win32\rc.read.1.tlog
C:\cocos2d-x\SpaceViking\Debug.win32\rc.write.1.tlog
C:\COCOS2D-X\SPACEVIKING\DEBUG.WIN32\ROTATIONGESTURERECOGNIZER.OBJ
C:\COCOS2D-X\SPACEVIKING\DEBUG.WIN32\SNEAKYBUTTON.OBJ
C:\COCOS2D-X\SPACEVIKING\DEBUG.WIN32\SNEAKYBUTTONSKINNEDBASE.OBJ
C:\COCOS2D-X\SPACEVIKING\DEBUG.WIN32\SNEAKYJOYSTICK.OBJ
C:\COCOS2D-X\SPACEVIKING\DEBUG.WIN32\SNEAKYJOYSTICKSKINNEDBASE.OBJ
C:\COCOS2D-X\SPACEVIKING\DEBUG.WIN32\SPACECARGOSHIP.OBJ
C:\COCOS2D-X\SPACEVIKING\DEBUG.WIN32\SPACEVIKING.RES
C:\COCOS2D-X\SPACEVIKING\DEBUG.WIN32\SPACEVIKING.WIN32.EXE.EMBED.MANIFEST
C:\COCOS2D-X\SPACEVIKING\DEBUG.WIN32\SPACEVIKING.WIN32.EXE.EMBED.MANIFEST.RES
C:\COCOS2D-X\SPACEVIKING\DEBUG.WIN32\SPACEVIKING.WIN32.EXE.INTERMEDIATE.MANIFEST
C:\cocos2d-x\SpaceViking\Debug.win32\SpaceViking.win32_manifest.rc
C:\COCOS2D-X\SPACEVIKING\DEBUG.WIN32\STATICBACKGROUNDLAYER.OBJ
C:\COCOS2D-X\SPACEVIKING\DEBUG.WIN32\STRINGSPLIT.OBJ
C:\COCOS2D-X\SPACEVIKING\DEBUG.WIN32\TAPGESTURERECOGNIZER.OBJ
C:\cocos2d-x\SpaceViking\Debug.win32\vc100.idb
C:\COCOS2D-X\SPACEVIKING\DEBUG.WIN32\VC100.PDB
C:\COCOS2D-X\SPACEVIKING\DEBUG.WIN32\VIKING.OBJ
