Build started 11/27/2011 2:19:07 AM.
     1>Project "C:\cocos2d-x\SpaceViking\SpaceViking.win32.vcxproj" on node 2 (build target(s)).
     1>InitializeBuildStatus:
         Creating "Debug.win32\SpaceViking.win32.unsuccessfulbuild" because "AlwaysCreate" was specified.
       ClCompile:
         All outputs are up-to-date.
       ResourceCompile:
         All outputs are up-to-date.
       ManifestResourceCompile:
         All outputs are up-to-date.
       Link:
         All outputs are up-to-date.
       Manifest:
         All outputs are up-to-date.
       FinalizeBuildStatus:
         Deleting file "Debug.win32\SpaceViking.win32.unsuccessfulbuild".
         Touching "Debug.win32\SpaceViking.win32.lastbuildstate".
     1>Done Building Project "C:\cocos2d-x\SpaceViking\SpaceViking.win32.vcxproj" (build target(s)).

Build succeeded.

Time Elapsed 00:00:00.28
